<?xml version="1.0" encoding="UTF-8"?>
<coverage generated="1761066237542" clover="3.2.0">
  <project timestamp="1761066237543" name="All files">
    <metrics statements="32" coveredstatements="29" conditionals="12" coveredconditionals="11" methods="15" coveredmethods="14" elements="59" coveredelements="54" complexity="0" loc="32" ncloc="32" packages="3" files="9" classes="9"/>
    <package name="atoms">
      <metrics statements="2" coveredstatements="2" conditionals="2" coveredconditionals="2" methods="2" coveredmethods="2"/>
      <file name="Button.jsx" path="C:\Users\cuent\Documents\4° Semestre\Desarrollo-FullStack\final-proyect\src\components\atoms\Button.jsx">
        <metrics statements="1" coveredstatements="1" conditionals="1" coveredconditionals="1" methods="1" coveredmethods="1"/>
        <line num="4" count="3" type="stmt"/>
      </file>
      <file name="Input.jsx" path="C:\Users\cuent\Documents\4° Semestre\Desarrollo-FullStack\final-proyect\src\components\atoms\Input.jsx">
        <metrics statements="1" coveredstatements="1" conditionals="1" coveredconditionals="1" methods="1" coveredmethods="1"/>
        <line num="3" count="3" type="stmt"/>
      </file>
    </package>
    <package name="molecules">
      <metrics statements="17" coveredstatements="17" conditionals="6" coveredconditionals="6" methods="9" coveredmethods="9"/>
      <file name="AuthButton.jsx" path="C:\Users\cuent\Documents\4° Semestre\Desarrollo-FullStack\final-proyect\src\components\molecules\AuthButton.jsx">
        <metrics statements="1" coveredstatements="1" conditionals="2" coveredconditionals="2" methods="1" coveredmethods="1"/>
        <line num="4" count="3" type="stmt"/>
      </file>
      <file name="DropdownMenu.jsx" path="C:\Users\cuent\Documents\4° Semestre\Desarrollo-FullStack\final-proyect\src\components\molecules\DropdownMenu.jsx">
        <metrics statements="5" coveredstatements="5" conditionals="2" coveredconditionals="2" methods="3" coveredmethods="3"/>
        <line num="6" count="5" type="stmt"/>
        <line num="8" count="5" type="stmt"/>
        <line num="10" count="5" type="stmt"/>
        <line num="21" count="5" type="stmt"/>
        <line num="29" count="16" type="stmt"/>
      </file>
      <file name="ExtraOptions.jsx" path="C:\Users\cuent\Documents\4° Semestre\Desarrollo-FullStack\final-proyect\src\components\molecules\ExtraOptions.jsx">
        <metrics statements="1" coveredstatements="1" conditionals="0" coveredconditionals="0" methods="1" coveredmethods="1"/>
        <line num="5" count="2" type="stmt"/>
      </file>
      <file name="ProductCard.jsx" path="C:\Users\cuent\Documents\4° Semestre\Desarrollo-FullStack\final-proyect\src\components\molecules\ProductCard.jsx">
        <metrics statements="9" coveredstatements="9" conditionals="2" coveredconditionals="2" methods="3" coveredmethods="3"/>
        <line num="4" count="3" type="stmt"/>
        <line num="6" count="3" type="stmt"/>
        <line num="7" count="6" type="cond" truecount="2" falsecount="0"/>
        <line num="8" count="2" type="stmt"/>
        <line num="9" count="2" type="stmt"/>
        <line num="21" count="4" type="stmt"/>
        <line num="24" count="3" type="stmt"/>
        <line num="25" count="1" type="stmt"/>
        <line num="28" count="3" type="stmt"/>
      </file>
      <file name="ShortcutCard.jsx" path="C:\Users\cuent\Documents\4° Semestre\Desarrollo-FullStack\final-proyect\src\components\molecules\ShortcutCard.jsx">
        <metrics statements="1" coveredstatements="1" conditionals="0" coveredconditionals="0" methods="1" coveredmethods="1"/>
        <line num="5" count="3" type="stmt"/>
      </file>
    </package>
    <package name="organisms">
      <metrics statements="13" coveredstatements="10" conditionals="4" coveredconditionals="3" methods="4" coveredmethods="3"/>
      <file name="Footer.jsx" path="C:\Users\cuent\Documents\4° Semestre\Desarrollo-FullStack\final-proyect\src\components\organisms\Footer.jsx">
        <metrics statements="1" coveredstatements="1" conditionals="0" coveredconditionals="0" methods="1" coveredmethods="1"/>
        <line num="10" count="3" type="stmt"/>
      </file>
      <file name="Navbar.jsx" path="C:\Users\cuent\Documents\4° Semestre\Desarrollo-FullStack\final-proyect\src\components\organisms\Navbar.jsx">
        <metrics statements="12" coveredstatements="9" conditionals="4" coveredconditionals="3" methods="3" coveredmethods="2"/>
        <line num="9" count="3" type="stmt"/>
        <line num="10" count="3" type="stmt"/>
        <line num="12" count="3" type="stmt"/>
        <line num="13" count="3" type="stmt"/>
        <line num="14" count="3" type="stmt"/>
        <line num="15" count="3" type="cond" truecount="2" falsecount="0"/>
        <line num="16" count="3" type="stmt"/>
        <line num="19" count="3" type="stmt"/>
        <line num="20" count="0" type="stmt"/>
        <line num="21" count="0" type="stmt"/>
        <line num="22" count="0" type="stmt"/>
        <line num="25" count="3" type="stmt"/>
      </file>
    </package>
  </project>
</coverage>
