{"C:\\Users\\cuent\\Documents\\4° Semestre\\Desarrollo-FullStack\\final-proyect\\src\\components\\atoms\\Button.jsx": {"path":"C:\\Users\\cuent\\Documents\\4° Semestre\\Desarrollo-FullStack\\final-proyect\\src\\components\\atoms\\Button.jsx","statementMap":{"0":{"start":{"line":4,"column":2},"end":{"line":8,"column":4}}},"fnMap":{"0":{"name":"Button","decl":{"start":{"line":3,"column":24},"end":{"line":3,"column":30}},"loc":{"start":{"line":3,"column":71},"end":{"line":9,"column":1}},"line":3}},"branchMap":{"0":{"loc":{"start":{"line":3,"column":43},"end":{"line":3,"column":57}},"type":"default-arg","locations":[{"start":{"line":3,"column":55},"end":{"line":3,"column":57}}],"line":3}},"s":{"0":3},"f":{"0":3},"b":{"0":[2]},"_coverageSchema":"1a1c01bbd47fc00a2c39e90264f33305004495a9","hash":"4f0c330b23b691129bead3935ce5c64c241fd02b"}
,"C:\\Users\\cuent\\Documents\\4° Semestre\\Desarrollo-FullStack\\final-proyect\\src\\components\\atoms\\Input.jsx": {"path":"C:\\Users\\cuent\\Documents\\4° Semestre\\Desarrollo-FullStack\\final-proyect\\src\\components\\atoms\\Input.jsx","statementMap":{"0":{"start":{"line":3,"column":2},"end":{"line":12,"column":4}}},"fnMap":{"0":{"name":"Input","decl":{"start":{"line":2,"column":24},"end":{"line":2,"column":29}},"loc":{"start":{"line":2,"column":85},"end":{"line":13,"column":1}},"line":2}},"branchMap":{"0":{"loc":{"start":{"line":2,"column":65},"end":{"line":2,"column":81}},"type":"default-arg","locations":[{"start":{"line":2,"column":76},"end":{"line":2,"column":81}}],"line":2}},"s":{"0":3},"f":{"0":3},"b":{"0":[2]},"_coverageSchema":"1a1c01bbd47fc00a2c39e90264f33305004495a9","hash":"26c8b1d8939fbee4c39ed89561ecea2d1d465f28"}
,"C:\\Users\\cuent\\Documents\\4° Semestre\\Desarrollo-FullStack\\final-proyect\\src\\components\\molecules\\AuthButton.jsx": {"path":"C:\\Users\\cuent\\Documents\\4° Semestre\\Desarrollo-FullStack\\final-proyect\\src\\components\\molecules\\AuthButton.jsx","statementMap":{"0":{"start":{"line":4,"column":2},"end":{"line":14,"column":4}}},"fnMap":{"0":{"name":"AuthButton","decl":{"start":{"line":3,"column":24},"end":{"line":3,"column":34}},"loc":{"start":{"line":3,"column":61},"end":{"line":15,"column":1}},"line":3}},"branchMap":{"0":{"loc":{"start":{"line":6,"column":7},"end":{"line":12,"column":7}},"type":"cond-expr","locations":[{"start":{"line":7,"column":8},"end":{"line":7,"column":57}},{"start":{"line":9,"column":8},"end":{"line":11,"column":12}}],"line":6}},"s":{"0":3},"f":{"0":3},"b":{"0":[2,1]},"_coverageSchema":"1a1c01bbd47fc00a2c39e90264f33305004495a9","hash":"66ad3e6f6091bd2cb83198c6a40fbb73c08f9a41"}
,"C:\\Users\\cuent\\Documents\\4° Semestre\\Desarrollo-FullStack\\final-proyect\\src\\components\\molecules\\DropdownMenu.jsx": {"path":"C:\\Users\\cuent\\Documents\\4° Semestre\\Desarrollo-FullStack\\final-proyect\\src\\components\\molecules\\DropdownMenu.jsx","statementMap":{"0":{"start":{"line":6,"column":30},"end":{"line":6,"column":45}},"1":{"start":{"line":8,"column":21},"end":{"line":8,"column":45}},"2":{"start":{"line":8,"column":27},"end":{"line":8,"column":45}},"3":{"start":{"line":10,"column":21},"end":{"line":19,"column":3}},"4":{"start":{"line":21,"column":2},"end":{"line":36,"column":4}},"5":{"start":{"line":29,"column":12},"end":{"line":31,"column":17}}},"fnMap":{"0":{"name":"DropdownMenu","decl":{"start":{"line":5,"column":24},"end":{"line":5,"column":36}},"loc":{"start":{"line":5,"column":39},"end":{"line":37,"column":1}},"line":5},"1":{"name":"(anonymous_1)","decl":{"start":{"line":8,"column":21},"end":{"line":8,"column":22}},"loc":{"start":{"line":8,"column":27},"end":{"line":8,"column":45}},"line":8},"2":{"name":"(anonymous_2)","decl":{"start":{"line":28,"column":26},"end":{"line":28,"column":27}},"loc":{"start":{"line":29,"column":12},"end":{"line":31,"column":17}},"line":29}},"branchMap":{"0":{"loc":{"start":{"line":26,"column":7},"end":{"line":34,"column":7}},"type":"binary-expr","locations":[{"start":{"line":26,"column":7},"end":{"line":26,"column":13}},{"start":{"line":27,"column":8},"end":{"line":33,"column":13}}],"line":26}},"s":{"0":5,"1":5,"2":2,"3":5,"4":5,"5":16},"f":{"0":5,"1":2,"2":16},"b":{"0":[5,2]},"_coverageSchema":"1a1c01bbd47fc00a2c39e90264f33305004495a9","hash":"6b8bbc383751f5bec9213573ff8152303e720c66"}
,"C:\\Users\\cuent\\Documents\\4° Semestre\\Desarrollo-FullStack\\final-proyect\\src\\components\\molecules\\ExtraOptions.jsx": {"path":"C:\\Users\\cuent\\Documents\\4° Semestre\\Desarrollo-FullStack\\final-proyect\\src\\components\\molecules\\ExtraOptions.jsx","statementMap":{"0":{"start":{"line":5,"column":2},"end":{"line":12,"column":4}}},"fnMap":{"0":{"name":"ExtraOptions","decl":{"start":{"line":4,"column":24},"end":{"line":4,"column":36}},"loc":{"start":{"line":4,"column":39},"end":{"line":13,"column":1}},"line":4}},"branchMap":{},"s":{"0":2},"f":{"0":2},"b":{},"_coverageSchema":"1a1c01bbd47fc00a2c39e90264f33305004495a9","hash":"bd83aad25124b082a2359ee760bc972be525da0b"}
,"C:\\Users\\cuent\\Documents\\4° Semestre\\Desarrollo-FullStack\\final-proyect\\src\\components\\molecules\\ProductCard.jsx": {"path":"C:\\Users\\cuent\\Documents\\4° Semestre\\Desarrollo-FullStack\\final-proyect\\src\\components\\molecules\\ProductCard.jsx","statementMap":{"0":{"start":{"line":4,"column":51},"end":{"line":4,"column":59}},"1":{"start":{"line":6,"column":26},"end":{"line":22,"column":3}},"2":{"start":{"line":7,"column":4},"end":{"line":20,"column":5}},"3":{"start":{"line":8,"column":30},"end":{"line":8,"column":54}},"4":{"start":{"line":9,"column":6},"end":{"line":19,"column":8}},"5":{"start":{"line":21,"column":4},"end":{"line":21,"column":66}},"6":{"start":{"line":24,"column":26},"end":{"line":26,"column":3}},"7":{"start":{"line":25,"column":4},"end":{"line":25,"column":38}},"8":{"start":{"line":28,"column":2},"end":{"line":46,"column":4}}},"fnMap":{"0":{"name":"ProductCard","decl":{"start":{"line":3,"column":24},"end":{"line":3,"column":35}},"loc":{"start":{"line":3,"column":58},"end":{"line":47,"column":1}},"line":3},"1":{"name":"(anonymous_1)","decl":{"start":{"line":6,"column":26},"end":{"line":6,"column":27}},"loc":{"start":{"line":6,"column":38},"end":{"line":22,"column":3}},"line":6},"2":{"name":"(anonymous_2)","decl":{"start":{"line":24,"column":26},"end":{"line":24,"column":27}},"loc":{"start":{"line":24,"column":32},"end":{"line":26,"column":3}},"line":24}},"branchMap":{"0":{"loc":{"start":{"line":7,"column":4},"end":{"line":20,"column":5}},"type":"if","locations":[{"start":{"line":7,"column":4},"end":{"line":20,"column":5}},{"start":{},"end":{}}],"line":7}},"s":{"0":3,"1":3,"2":6,"3":2,"4":2,"5":4,"6":3,"7":1,"8":3},"f":{"0":3,"1":6,"2":1},"b":{"0":[2,4]},"_coverageSchema":"1a1c01bbd47fc00a2c39e90264f33305004495a9","hash":"c2044e656f2e8f4ac0cbbf5d3e5072a0989bc2cc"}
,"C:\\Users\\cuent\\Documents\\4° Semestre\\Desarrollo-FullStack\\final-proyect\\src\\components\\molecules\\ShortcutCard.jsx": {"path":"C:\\Users\\cuent\\Documents\\4° Semestre\\Desarrollo-FullStack\\final-proyect\\src\\components\\molecules\\ShortcutCard.jsx","statementMap":{"0":{"start":{"line":5,"column":2},"end":{"line":10,"column":4}}},"fnMap":{"0":{"name":"ShortcutCard","decl":{"start":{"line":4,"column":24},"end":{"line":4,"column":36}},"loc":{"start":{"line":4,"column":59},"end":{"line":11,"column":1}},"line":4}},"branchMap":{},"s":{"0":3},"f":{"0":3},"b":{},"_coverageSchema":"1a1c01bbd47fc00a2c39e90264f33305004495a9","hash":"72a4ed11b335390f97cd4cf23dc426080ff26ee0"}
,"C:\\Users\\cuent\\Documents\\4° Semestre\\Desarrollo-FullStack\\final-proyect\\src\\components\\organisms\\Footer.jsx": {"path":"C:\\Users\\cuent\\Documents\\4° Semestre\\Desarrollo-FullStack\\final-proyect\\src\\components\\organisms\\Footer.jsx","statementMap":{"0":{"start":{"line":10,"column":2},"end":{"line":30,"column":4}}},"fnMap":{"0":{"name":"Footer","decl":{"start":{"line":9,"column":24},"end":{"line":9,"column":30}},"loc":{"start":{"line":9,"column":33},"end":{"line":31,"column":1}},"line":9}},"branchMap":{},"s":{"0":3},"f":{"0":3},"b":{},"_coverageSchema":"1a1c01bbd47fc00a2c39e90264f33305004495a9","hash":"bcc62fc51192a5db9ad884937b41728bed74f7b0"}
,"C:\\Users\\cuent\\Documents\\4° Semestre\\Desarrollo-FullStack\\final-proyect\\src\\components\\organisms\\Navbar.jsx": {"path":"C:\\Users\\cuent\\Documents\\4° Semestre\\Desarrollo-FullStack\\final-proyect\\src\\components\\organisms\\Navbar.jsx","statementMap":{"0":{"start":{"line":9,"column":34},"end":{"line":9,"column":46}},"1":{"start":{"line":10,"column":38},"end":{"line":10,"column":53}},"2":{"start":{"line":12,"column":2},"end":{"line":17,"column":9}},"3":{"start":{"line":13,"column":23},"end":{"line":13,"column":55}},"4":{"start":{"line":14,"column":19},"end":{"line":14,"column":64}},"5":{"start":{"line":15,"column":4},"end":{"line":15,"column":34}},"6":{"start":{"line":16,"column":4},"end":{"line":16,"column":26}},"7":{"start":{"line":19,"column":23},"end":{"line":23,"column":3}},"8":{"start":{"line":20,"column":4},"end":{"line":20,"column":42}},"9":{"start":{"line":21,"column":4},"end":{"line":21,"column":40}},"10":{"start":{"line":22,"column":4},"end":{"line":22,"column":29}},"11":{"start":{"line":25,"column":2},"end":{"line":43,"column":4}}},"fnMap":{"0":{"name":"Navbar","decl":{"start":{"line":8,"column":24},"end":{"line":8,"column":30}},"loc":{"start":{"line":8,"column":33},"end":{"line":44,"column":1}},"line":8},"1":{"name":"(anonymous_1)","decl":{"start":{"line":12,"column":12},"end":{"line":12,"column":13}},"loc":{"start":{"line":12,"column":18},"end":{"line":17,"column":3}},"line":12},"2":{"name":"(anonymous_2)","decl":{"start":{"line":19,"column":23},"end":{"line":19,"column":24}},"loc":{"start":{"line":19,"column":29},"end":{"line":23,"column":3}},"line":19}},"branchMap":{"0":{"loc":{"start":{"line":15,"column":16},"end":{"line":15,"column":32}},"type":"binary-expr","locations":[{"start":{"line":15,"column":16},"end":{"line":15,"column":26}},{"start":{"line":15,"column":30},"end":{"line":15,"column":32}}],"line":15},"1":{"loc":{"start":{"line":31,"column":11},"end":{"line":31,"column":56}},"type":"cond-expr","locations":[{"start":{"line":31,"column":24},"end":{"line":31,"column":51}},{"start":{"line":31,"column":54},"end":{"line":31,"column":56}}],"line":31}},"s":{"0":3,"1":3,"2":3,"3":3,"4":3,"5":3,"6":3,"7":3,"8":0,"9":0,"10":0,"11":3},"f":{"0":3,"1":3,"2":0},"b":{"0":[3,3],"1":[0,3]},"_coverageSchema":"1a1c01bbd47fc00a2c39e90264f33305004495a9","hash":"91e1f65877ffa1212749d9c40d7c82260dd14feb"}
}
