TN:
SF:src\components\atoms\Button.jsx
FN:3,Button
FNF:1
FNH:1
FNDA:3,Button
DA:4,3
LF:1
LH:1
BRDA:3,0,0,2
BRF:1
BRH:1
end_of_record
TN:
SF:src\components\atoms\Input.jsx
FN:2,Input
FNF:1
FNH:1
FNDA:3,Input
DA:3,3
LF:1
LH:1
BRDA:2,0,0,2
BRF:1
BRH:1
end_of_record
TN:
SF:src\components\molecules\AuthButton.jsx
FN:3,AuthButton
FNF:1
FNH:1
FNDA:3,AuthButton
DA:4,3
LF:1
LH:1
BRDA:6,0,0,2
BRDA:6,0,1,1
BRF:2
BRH:2
end_of_record
TN:
SF:src\components\molecules\DropdownMenu.jsx
FN:5,DropdownMenu
FN:8,(anonymous_1)
FN:28,(anonymous_2)
FNF:3
FNH:3
FNDA:5,DropdownMenu
FNDA:2,(anonymous_1)
FNDA:16,(anonymous_2)
DA:6,5
DA:8,5
DA:10,5
DA:21,5
DA:29,16
LF:5
LH:5
BRDA:26,0,0,5
BRDA:26,0,1,2
BRF:2
BRH:2
end_of_record
TN:
SF:src\components\molecules\ExtraOptions.jsx
FN:4,ExtraOptions
FNF:1
FNH:1
FNDA:2,ExtraOptions
DA:5,2
LF:1
LH:1
BRF:0
BRH:0
end_of_record
TN:
SF:src\components\molecules\ProductCard.jsx
FN:3,ProductCard
FN:6,(anonymous_1)
FN:24,(anonymous_2)
FNF:3
FNH:3
FNDA:3,ProductCard
FNDA:6,(anonymous_1)
FNDA:1,(anonymous_2)
DA:4,3
DA:6,3
DA:7,6
DA:8,2
DA:9,2
DA:21,4
DA:24,3
DA:25,1
DA:28,3
LF:9
LH:9
BRDA:7,0,0,2
BRDA:7,0,1,4
BRF:2
BRH:2
end_of_record
TN:
SF:src\components\molecules\ShortcutCard.jsx
FN:4,ShortcutCard
FNF:1
FNH:1
FNDA:3,ShortcutCard
DA:5,3
LF:1
LH:1
BRF:0
BRH:0
end_of_record
TN:
SF:src\components\organisms\Footer.jsx
FN:9,Footer
FNF:1
FNH:1
FNDA:3,Footer
DA:10,3
LF:1
LH:1
BRF:0
BRH:0
end_of_record
TN:
SF:src\components\organisms\Navbar.jsx
FN:8,Navbar
FN:12,(anonymous_1)
FN:19,(anonymous_2)
FNF:3
FNH:2
FNDA:3,Navbar
FNDA:3,(anonymous_1)
FNDA:0,(anonymous_2)
DA:9,3
DA:10,3
DA:12,3
DA:13,3
DA:14,3
DA:15,3
DA:16,3
DA:19,3
DA:20,0
DA:21,0
DA:22,0
DA:25,3
LF:12
LH:9
BRDA:15,0,0,3
BRDA:15,0,1,3
BRDA:31,1,0,0
BRDA:31,1,1,3
BRF:4
BRH:3
end_of_record
